Release 12.4 - xst M.81d (nt)
Copyright (c) 1995-2010 Xilinx, Inc.  All rights reserved.
--> Parameter TMPDIR set to xst/projnav.tmp


Total REAL time to Xst completion: 0.00 secs
Total CPU time to Xst completion: 0.17 secs
 
--> Parameter xsthdpdir set to xst


Total REAL time to Xst completion: 0.00 secs
Total CPU time to Xst completion: 0.19 secs
 
--> Reading design: proceso_clk.prj

TABLE OF CONTENTS
  1) Synthesis Options Summary
  2) HDL Compilation
  3) Design Hierarchy Analysis
  4) HDL Analysis
  5) HDL Synthesis
     5.1) HDL Synthesis Report
  6) Advanced HDL Synthesis
     6.1) Advanced HDL Synthesis Report
  7) Low Level Synthesis
  8) Partition Report
  9) Final Report
	9.1) Device utilization summary
	9.2) Partition Resource Summary
	9.3) TIMING REPORT


=========================================================================
*                      Synthesis Options Summary                        *
=========================================================================
---- Source Parameters
Input File Name                    : "proceso_clk.prj"
Input Format                       : mixed
Ignore Synthesis Constraint File   : NO

---- Target Parameters
Output File Name                   : "proceso_clk"
Output Format                      : NGC
Target Device                      : xc3s500e-4-fg320

---- Source Options
Top Module Name                    : proceso_clk
Automatic FSM Extraction           : YES
FSM Encoding Algorithm             : Auto
Safe Implementation                : No
FSM Style                          : LUT
RAM Extraction                     : Yes
RAM Style                          : Auto
ROM Extraction                     : Yes
Mux Style                          : Auto
Decoder Extraction                 : YES
Priority Encoder Extraction        : Yes
Shift Register Extraction          : YES
Logical Shifter Extraction         : YES
XOR Collapsing                     : YES
ROM Style                          : Auto
Mux Extraction                     : Yes
Resource Sharing                   : YES
Asynchronous To Synchronous        : NO
Multiplier Style                   : Auto
Automatic Register Balancing       : No

---- Target Options
Add IO Buffers                     : YES
Global Maximum Fanout              : 500
Add Generic Clock Buffer(BUFG)     : 24
Register Duplication               : YES
Slice Packing                      : YES
Optimize Instantiated Primitives   : NO
Use Clock Enable                   : Yes
Use Synchronous Set                : Yes
Use Synchronous Reset              : Yes
Pack IO Registers into IOBs        : Auto
Equivalent register Removal        : YES

---- General Options
Optimization Goal                  : Speed
Optimization Effort                : 1
Keep Hierarchy                     : No
Netlist Hierarchy                  : As_Optimized
RTL Output                         : Yes
Global Optimization                : AllClockNets
Read Cores                         : YES
Write Timing Constraints           : NO
Cross Clock Analysis               : NO
Hierarchy Separator                : /
Bus Delimiter                      : <>
Case Specifier                     : Maintain
Slice Utilization Ratio            : 100
BRAM Utilization Ratio             : 100
Verilog 2001                       : YES
Auto BRAM Packing                  : NO
Slice Utilization Ratio Delta      : 5

=========================================================================


=========================================================================
*                          HDL Compilation                              *
=========================================================================
Compiling vhdl file "//vmware-host/shared folders/Codigos/ProyectoTD1/Proceso_Reloj/proceso_clk.vhd" in Library work.
Entity <proceso_clk> compiled.
Entity <proceso_clk> (Architecture <Behavioral>) compiled.

=========================================================================
*                     Design Hierarchy Analysis                         *
=========================================================================
Analyzing hierarchy for entity <proceso_clk> in library <work> (architecture <Behavioral>).


=========================================================================
*                            HDL Analysis                               *
=========================================================================
Analyzing Entity <proceso_clk> in library <work> (Architecture <Behavioral>).
Entity <proceso_clk> analyzed. Unit <proceso_clk> generated.


=========================================================================
*                           HDL Synthesis                               *
=========================================================================

Performing bidirectional port resolution...

Synthesizing Unit <proceso_clk>.
    Related source file is "//vmware-host/shared folders/Codigos/ProyectoTD1/Proceso_Reloj/proceso_clk.vhd".
    Found 1-bit register for signal <clk_aux>.
    Found 32-bit down counter for signal <TIMER>.
    Summary:
	inferred   1 Counter(s).
	inferred   1 D-type flip-flop(s).
Unit <proceso_clk> synthesized.


=========================================================================
HDL Synthesis Report

Macro Statistics
# Counters                                             : 1
 32-bit down counter                                   : 1
# Registers                                            : 1
 1-bit register                                        : 1

=========================================================================

=========================================================================
*                       Advanced HDL Synthesis                          *
=========================================================================


=========================================================================
Advanced HDL Synthesis Report

Macro Statistics
# Counters                                             : 1
 32-bit down counter                                   : 1
# Registers                                            : 1
 Flip-Flops                                            : 1

=========================================================================

=========================================================================
*                         Low Level Synthesis                           *
=========================================================================

Optimizing unit <proceso_clk> ...

Mapping all equations...
Building and optimizing final netlist ...
Found area constraint ratio of 100 (+ 5) on block proceso_clk, actual ratio is 0.

Final Macro Processing ...

=========================================================================
Final Register Report

Macro Statistics
# Registers                                            : 33
 Flip-Flops                                            : 33

=========================================================================

=========================================================================
*                           Partition Report                            *
=========================================================================

Partition Implementation Status
-------------------------------

  No Partitions were found in this design.

-------------------------------

=========================================================================
*                            Final Report                               *
=========================================================================
Final Results
RTL Top Level Output File Name     : proceso_clk.ngr
Top Level Output File Name         : proceso_clk
Output Format                      : NGC
Optimization Goal                  : Speed
Keep Hierarchy                     : No

Design Statistics
# IOs                              : 3

Cell Usage :
# BELS                             : 114
#      GND                         : 1
#      INV                         : 32
#      LUT1                        : 1
#      LUT4                        : 8
#      MUXCY                       : 39
#      VCC                         : 1
#      XORCY                       : 32
# FlipFlops/Latches                : 33
#      FDC                         : 31
#      FDCE                        : 1
#      FDP                         : 1
# Clock Buffers                    : 1
#      BUFGP                       : 1
# IO Buffers                       : 2
#      IBUF                        : 1
#      OBUF                        : 1
=========================================================================

Device utilization summary:
---------------------------

Selected Device : 3s500efg320-4 

 Number of Slices:                       22  out of   4656     0%  
 Number of Slice Flip Flops:             33  out of   9312     0%  
 Number of 4 input LUTs:                 41  out of   9312     0%  
 Number of IOs:                           3
 Number of bonded IOBs:                   3  out of    232     1%  
 Number of GCLKs:                         1  out of     24     4%  

---------------------------
Partition Resource Summary:
---------------------------

  No Partitions were found in this design.

---------------------------


=========================================================================
TIMING REPORT

NOTE: THESE TIMING NUMBERS ARE ONLY A SYNTHESIS ESTIMATE.
      FOR ACCURATE TIMING INFORMATION PLEASE REFER TO THE TRACE REPORT
      GENERATED AFTER PLACE-and-ROUTE.

Clock Information:
------------------
-----------------------------------+------------------------+-------+
Clock Signal                       | Clock buffer(FF name)  | Load  |
-----------------------------------+------------------------+-------+
CLK_50MHz                          | BUFGP                  | 33    |
-----------------------------------+------------------------+-------+

Asynchronous Control Signals Information:
----------------------------------------
-----------------------------------+------------------------+-------+
Control Signal                     | Buffer(FF name)        | Load  |
-----------------------------------+------------------------+-------+
Reset                              | IBUF                   | 33    |
-----------------------------------+------------------------+-------+

Timing Summary:
---------------
Speed Grade: -4

   Minimum period: 5.263ns (Maximum Frequency: 190.006MHz)
   Minimum input arrival time before clock: No path found
   Maximum output required time after clock: 4.310ns
   Maximum combinational path delay: No path found

Timing Detail:
--------------
All values displayed in nanoseconds (ns)

=========================================================================
Timing constraint: Default period analysis for Clock 'CLK_50MHz'
  Clock period: 5.263ns (frequency: 190.006MHz)
  Total number of paths / destination ports: 561 / 34
-------------------------------------------------------------------------
Delay:               5.263ns (Levels of Logic = 33)
  Source:            TIMER_0 (FF)
  Destination:       TIMER_31 (FF)
  Source Clock:      CLK_50MHz rising
  Destination Clock: CLK_50MHz rising

  Data Path: TIMER_0 to TIMER_31
                                Gate     Net
    Cell:in->out      fanout   Delay   Delay  Logical Name (Net Name)
    ----------------------------------------  ------------
     FDC:C->Q              2   0.591   0.622  TIMER_0 (TIMER_0)
     LUT1:I0->O            1   0.704   0.000  Mcount_TIMER_cy<0>_rt (Mcount_TIMER_cy<0>_rt)
     MUXCY:S->O            1   0.464   0.000  Mcount_TIMER_cy<0> (Mcount_TIMER_cy<0>)
     MUXCY:CI->O           1   0.059   0.000  Mcount_TIMER_cy<1> (Mcount_TIMER_cy<1>)
     MUXCY:CI->O           1   0.059   0.000  Mcount_TIMER_cy<2> (Mcount_TIMER_cy<2>)
     MUXCY:CI->O           1   0.059   0.000  Mcount_TIMER_cy<3> (Mcount_TIMER_cy<3>)
     MUXCY:CI->O           1   0.059   0.000  Mcount_TIMER_cy<4> (Mcount_TIMER_cy<4>)
     MUXCY:CI->O           1   0.059   0.000  Mcount_TIMER_cy<5> (Mcount_TIMER_cy<5>)
     MUXCY:CI->O           1   0.059   0.000  Mcount_TIMER_cy<6> (Mcount_TIMER_cy<6>)
     MUXCY:CI->O           1   0.059   0.000  Mcount_TIMER_cy<7> (Mcount_TIMER_cy<7>)
     MUXCY:CI->O           1   0.059   0.000  Mcount_TIMER_cy<8> (Mcount_TIMER_cy<8>)
     MUXCY:CI->O           1   0.059   0.000  Mcount_TIMER_cy<9> (Mcount_TIMER_cy<9>)
     MUXCY:CI->O           1   0.059   0.000  Mcount_TIMER_cy<10> (Mcount_TIMER_cy<10>)
     MUXCY:CI->O           1   0.059   0.000  Mcount_TIMER_cy<11> (Mcount_TIMER_cy<11>)
     MUXCY:CI->O           1   0.059   0.000  Mcount_TIMER_cy<12> (Mcount_TIMER_cy<12>)
     MUXCY:CI->O           1   0.059   0.000  Mcount_TIMER_cy<13> (Mcount_TIMER_cy<13>)
     MUXCY:CI->O           1   0.059   0.000  Mcount_TIMER_cy<14> (Mcount_TIMER_cy<14>)
     MUXCY:CI->O           1   0.059   0.000  Mcount_TIMER_cy<15> (Mcount_TIMER_cy<15>)
     MUXCY:CI->O           1   0.059   0.000  Mcount_TIMER_cy<16> (Mcount_TIMER_cy<16>)
     MUXCY:CI->O           1   0.059   0.000  Mcount_TIMER_cy<17> (Mcount_TIMER_cy<17>)
     MUXCY:CI->O           1   0.059   0.000  Mcount_TIMER_cy<18> (Mcount_TIMER_cy<18>)
     MUXCY:CI->O           1   0.059   0.000  Mcount_TIMER_cy<19> (Mcount_TIMER_cy<19>)
     MUXCY:CI->O           1   0.059   0.000  Mcount_TIMER_cy<20> (Mcount_TIMER_cy<20>)
     MUXCY:CI->O           1   0.059   0.000  Mcount_TIMER_cy<21> (Mcount_TIMER_cy<21>)
     MUXCY:CI->O           1   0.059   0.000  Mcount_TIMER_cy<22> (Mcount_TIMER_cy<22>)
     MUXCY:CI->O           1   0.059   0.000  Mcount_TIMER_cy<23> (Mcount_TIMER_cy<23>)
     MUXCY:CI->O           1   0.059   0.000  Mcount_TIMER_cy<24> (Mcount_TIMER_cy<24>)
     MUXCY:CI->O           1   0.059   0.000  Mcount_TIMER_cy<25> (Mcount_TIMER_cy<25>)
     MUXCY:CI->O           1   0.059   0.000  Mcount_TIMER_cy<26> (Mcount_TIMER_cy<26>)
     MUXCY:CI->O           1   0.059   0.000  Mcount_TIMER_cy<27> (Mcount_TIMER_cy<27>)
     MUXCY:CI->O           1   0.059   0.000  Mcount_TIMER_cy<28> (Mcount_TIMER_cy<28>)
     MUXCY:CI->O           1   0.059   0.000  Mcount_TIMER_cy<29> (Mcount_TIMER_cy<29>)
     MUXCY:CI->O           0   0.059   0.000  Mcount_TIMER_cy<30> (Mcount_TIMER_cy<30>)
     XORCY:CI->O           1   0.804   0.000  Mcount_TIMER_xor<31> (Result<31>)
     FDC:D                     0.308          TIMER_31
    ----------------------------------------
    Total                      5.263ns (4.641ns logic, 0.622ns route)
                                       (88.2% logic, 11.8% route)

=========================================================================
Timing constraint: Default OFFSET OUT AFTER for Clock 'CLK_50MHz'
  Total number of paths / destination ports: 1 / 1
-------------------------------------------------------------------------
Offset:              4.310ns (Levels of Logic = 1)
  Source:            clk_aux (FF)
  Destination:       reloj (PAD)
  Source Clock:      CLK_50MHz rising

  Data Path: clk_aux to reloj
                                Gate     Net
    Cell:in->out      fanout   Delay   Delay  Logical Name (Net Name)
    ----------------------------------------  ------------
     FDCE:C->Q             2   0.591   0.447  clk_aux (clk_aux)
     OBUF:I->O                 3.272          reloj_OBUF (reloj)
    ----------------------------------------
    Total                      4.310ns (3.863ns logic, 0.447ns route)
                                       (89.6% logic, 10.4% route)

=========================================================================


Total REAL time to Xst completion: 3.00 secs
Total CPU time to Xst completion: 2.50 secs
 
--> 

Total memory usage is 187852 kilobytes

Number of errors   :    0 (   0 filtered)
Number of warnings :    0 (   0 filtered)
Number of infos    :    0 (   0 filtered)

