Command line:
   Control_matriz_tb_isim_beh.exe
     -simmode  gui
     -simrunnum  0
     -socket  49232

Mon Nov 29 20:27:44 2021


 Elaboration Time: 0.0312 sec

 Current Memory Usage: 640.229 Meg

 Total Signals          : 16
 Total Nets             : 42
 Total Signal Drivers   : 9
 Total Blocks           : 5
 Total Primitive Blocks : 4
 Total Processes        : 3
 Total Traceable Variables  : 11
 Total Scalar Nets and Variables : 421
Total Line Count : 32

 Total Simulation Time: 0.156 sec

 Current Memory Usage: 640.623 Meg

Mon Nov 29 20:28:04 2021

