Command line:
   proceso_clk_isim_beh.exe
     -simmode  gui
     -simrunnum  0
     -socket  49250

Tue Nov 30 23:50:58 2021


 Elaboration Time: 0.062401 sec

 Current Memory Usage: 642.9 Meg

 Total Signals          : 5
 Total Nets             : 5
 Total Signal Drivers   : 3
 Total Blocks           : 2
 Total Primitive Blocks : 2
 Total Processes        : 2
 Total Traceable Variables  : 8
 Total Scalar Nets and Variables : 365
Total Line Count : 7

 Total Simulation Time: 0.140401 sec

 Current Memory Usage: 642.9 Meg

Tue Nov 30 23:51:19 2021

