Command line:
   Control_matriz_isim_beh.exe
     -simmode  gui
     -simrunnum  0
     -socket  49268

Wed Dec 01 00:14:59 2021


 Elaboration Time: 0.109201 sec

 Current Memory Usage: 640.553 Meg

 Total Signals          : 11
 Total Nets             : 34
 Total Signal Drivers   : 8
 Total Blocks           : 4
 Total Primitive Blocks : 4
 Total Processes        : 4
 Total Traceable Variables  : 10
 Total Scalar Nets and Variables : 412
Total Line Count : 23

 Total Simulation Time: 0.187201 sec

 Current Memory Usage: 640.553 Meg

Wed Dec 01 00:15:18 2021

