Command line:
   control_matriz_tb_isim_beh.exe
     -simmode  gui
     -simrunnum  0
     -socket  49174

Sun Dec 05 23:17:04 2021


 Elaboration Time: 0.140401 sec

 Current Memory Usage: 640.356 Meg

 Total Signals          : 16
 Total Nets             : 162
 Total Signal Drivers   : 9
 Total Blocks           : 5
 Total Primitive Blocks : 4
 Total Processes        : 6
 Total Traceable Variables  : 11
 Total Scalar Nets and Variables : 541
Total Line Count : 25

 Total Simulation Time: 56.7688 sec

 Current Memory Usage: 640.356 Meg

Sun Dec 05 23:20:18 2021

