Command line:
   control_matriz_isim_beh.exe
     -simmode  gui
     -simrunnum  0
     -socket  49193

Mon Nov 22 22:42:31 2021


 Elaboration Time: 0.0468 sec

 Current Memory Usage: 640.618 Meg

 Total Signals          : 8
 Total Nets             : 18
 Total Signal Drivers   : 5
 Total Blocks           : 4
 Total Primitive Blocks : 4
 Total Processes        : 2
 Total Traceable Variables  : 10
 Total Scalar Nets and Variables : 396
Total Line Count : 7

 Total Simulation Time: 0.2028 sec

 Current Memory Usage: 640.618 Meg

Mon Nov 22 22:42:46 2021

