Running: C:\Xilinx\12.4\ISE_DS\ISE\bin\nt\unwrapped\fuse.exe -intstyle ise -incremental -o C:/Xilinx/Proyectos/ProyectoTD1/Prueba4/prueba_isim_beh.exe -prj C:/Xilinx/Proyectos/ProyectoTD1/Prueba4/prueba_beh.prj work.prueba 
ISim M.81d (signature 0xcb73ee62)
Number of CPUs detected in this system: 2
Turning on mult-threading, number of parallel sub-compilation jobs: 4 
Determining compilation order of HDL files
Parsing VHDL file "C:/Xilinx/Proyectos/ProyectoTD1/Prueba4/control_matriz.vhd" into library work
Parsing VHDL file "C:/Xilinx/Proyectos/ProyectoTD1/Prueba4/prueba.vhd" into library work
Starting static elaboration
Completed static elaboration
Fuse Memory Usage: 97068 KB
Fuse CPU Usage: 92 ms
Using precompiled package standard from library std
Using precompiled package std_logic_1164 from library ieee
Using precompiled package std_logic_arith from library ieee
Using precompiled package std_logic_unsigned from library ieee
Compiling architecture behavioral of entity control_matriz [control_matriz_default]
Compiling architecture behavior of entity prueba
Time Resolution for simulation is 1ps.
Waiting for 1 sub-compilation(s) to finish...
Compiled 7 VHDL Units
Built simulation executable C:/Xilinx/Proyectos/ProyectoTD1/Prueba4/prueba_isim_beh.exe
Fuse Memory Usage: 102812 KB
Fuse CPU Usage: 124 ms
