Command line:
   control_matriz_tb_isim_beh.exe
     -simmode  gui
     -simrunnum  0
     -socket  49270

Wed Dec 01 00:15:27 2021


 Elaboration Time: 0.1248 sec

 Current Memory Usage: 640.426 Meg

 Total Signals          : 15
 Total Nets             : 34
 Total Signal Drivers   : 9
 Total Blocks           : 5
 Total Primitive Blocks : 4
 Total Processes        : 6
 Total Traceable Variables  : 11
 Total Scalar Nets and Variables : 413
Total Line Count : 30

 Total Simulation Time: 0.296401 sec

 Current Memory Usage: 954.999 Meg

Wed Dec 01 00:16:00 2021

