Command line:
   proceso_reloj_tb_isim_beh.exe
     -simmode  gui
     -simrunnum  0
     -socket  49272

Wed Dec 01 00:20:42 2021


 Elaboration Time: 0.062401 sec

 Current Memory Usage: 640.672 Meg

 Total Signals          : 8
 Total Nets             : 5
 Total Signal Drivers   : 4
 Total Blocks           : 3
 Total Primitive Blocks : 2
 Total Processes        : 4
 Total Traceable Variables  : 9
 Total Scalar Nets and Variables : 366
Total Line Count : 14

 Total Simulation Time: 0.670804 sec

 Current Memory Usage: 640.672 Meg

Wed Dec 01 00:23:13 2021

